<?xml version="1.0" encoding="UTF-8"?>
<testsuite xmlns:xsi="http://www.w3.org/2001/XMLSchema-instance" xsi:noNamespaceSchemaLocation="https://maven.apache.org/surefire/maven-surefire-plugin/xsd/surefire-test-report-3.0.xsd" version="3.0" name="Controller.CarOwnerControllerTest" time="4.529" tests="8" errors="0" skipped="0" failures="0">
  <properties>
    <property name="sun.desktop" value="windows"/>
    <property name="awt.toolkit" value="sun.awt.windows.WToolkit"/>
    <property name="java.specification.version" value="11"/>
    <property name="sun.cpu.isalist" value="amd64"/>
    <property name="sun.jnu.encoding" value="Cp1252"/>
    <property name="java.class.path" value="C:\Users\Bora\Downloads\520_Project_final\Rent_and_Roll\RentAndRoll\target\test-classes;C:\Users\Bora\Downloads\520_Project_final\Rent_and_Roll\RentAndRoll\target\classes;C:\Users\Bora\.m2\repository\mysql\mysql-connector-java\8.0.26\mysql-connector-java-8.0.26.jar;C:\Users\Bora\.m2\repository\com\google\protobuf\protobuf-java\3.11.4\protobuf-java-3.11.4.jar;C:\Users\Bora\.m2\repository\org\netbeans\external\AbsoluteLayout\RELEASE200\AbsoluteLayout-RELEASE200.jar;C:\Users\Bora\.m2\repository\junit\junit\4.13.2\junit-4.13.2.jar;C:\Users\Bora\.m2\repository\org\hamcrest\hamcrest-core\1.3\hamcrest-core-1.3.jar;C:\Users\Bora\.m2\repository\org\hamcrest\hamcrest-all\1.3\hamcrest-all-1.3.jar;C:\Users\Bora\.m2\repository\org\mockito\mockito-core\5.8.0\mockito-core-5.8.0.jar;C:\Users\Bora\.m2\repository\org\objenesis\objenesis\3.3\objenesis-3.3.jar;C:\Users\Bora\.m2\repository\net\bytebuddy\byte-buddy\1.14.10\byte-buddy-1.14.10.jar;C:\Users\Bora\.m2\repository\net\bytebuddy\byte-buddy-agent\1.14.10\byte-buddy-agent-1.14.10.jar;"/>
    <property name="java.vm.vendor" value="Oracle Corporation"/>
    <property name="sun.arch.data.model" value="64"/>
    <property name="user.variant" value=""/>
    <property name="java.vendor.url" value="https://openjdk.java.net/"/>
    <property name="user.timezone" value="America/New_York"/>
    <property name="java.vm.specification.version" value="11"/>
    <property name="os.name" value="Windows 10"/>
    <property name="sun.java.launcher" value="SUN_STANDARD"/>
    <property name="user.country" value="IN"/>
    <property name="sun.boot.library.path" value="C:\Program Files\Java\jdk-11\bin"/>
    <property name="sun.java.command" value="C:\Users\Bora\AppData\Local\Temp\surefire8359236562579706133\surefirebooter-20231214122217099_3.jar C:\Users\Bora\AppData\Local\Temp\surefire8359236562579706133 2023-12-14T12-22-16_492-jvmRun1 surefire-20231214122217099_1tmp surefire_0-20231214122217099_2tmp"/>
    <property name="jdk.debug" value="release"/>
    <property name="surefire.test.class.path" value="C:\Users\Bora\Downloads\520_Project_final\Rent_and_Roll\RentAndRoll\target\test-classes;C:\Users\Bora\Downloads\520_Project_final\Rent_and_Roll\RentAndRoll\target\classes;C:\Users\Bora\.m2\repository\mysql\mysql-connector-java\8.0.26\mysql-connector-java-8.0.26.jar;C:\Users\Bora\.m2\repository\com\google\protobuf\protobuf-java\3.11.4\protobuf-java-3.11.4.jar;C:\Users\Bora\.m2\repository\org\netbeans\external\AbsoluteLayout\RELEASE200\AbsoluteLayout-RELEASE200.jar;C:\Users\Bora\.m2\repository\junit\junit\4.13.2\junit-4.13.2.jar;C:\Users\Bora\.m2\repository\org\hamcrest\hamcrest-core\1.3\hamcrest-core-1.3.jar;C:\Users\Bora\.m2\repository\org\hamcrest\hamcrest-all\1.3\hamcrest-all-1.3.jar;C:\Users\Bora\.m2\repository\org\mockito\mockito-core\5.8.0\mockito-core-5.8.0.jar;C:\Users\Bora\.m2\repository\org\objenesis\objenesis\3.3\objenesis-3.3.jar;C:\Users\Bora\.m2\repository\net\bytebuddy\byte-buddy\1.14.10\byte-buddy-1.14.10.jar;C:\Users\Bora\.m2\repository\net\bytebuddy\byte-buddy-agent\1.14.10\byte-buddy-agent-1.14.10.jar;"/>
    <property name="sun.cpu.endian" value="little"/>
    <property name="user.home" value="C:\Users\Bora"/>
    <property name="user.language" value="en"/>
    <property name="java.specification.vendor" value="Oracle Corporation"/>
    <property name="java.version.date" value="2023-04-18"/>
    <property name="java.home" value="C:\Program Files\Java\jdk-11"/>
    <property name="file.separator" value="\"/>
    <property name="basedir" value="C:\Users\Bora\Downloads\520_Project_final\Rent_and_Roll\RentAndRoll"/>
    <property name="java.vm.compressedOopsMode" value="32-bit"/>
    <property name="line.separator" value="&#10;"/>
    <property name="java.specification.name" value="Java Platform API Specification"/>
    <property name="java.vm.specification.vendor" value="Oracle Corporation"/>
    <property name="java.awt.graphicsenv" value="sun.awt.Win32GraphicsEnvironment"/>
    <property name="surefire.real.class.path" value="C:\Users\Bora\AppData\Local\Temp\surefire8359236562579706133\surefirebooter-20231214122217099_3.jar"/>
    <property name="user.script" value=""/>
    <property name="sun.management.compiler" value="HotSpot 64-Bit Tiered Compilers"/>
    <property name="java.runtime.version" value="11.0.19+9-LTS-224"/>
    <property name="user.name" value="Bora"/>
    <property name="path.separator" value=";"/>
    <property name="os.version" value="10.0"/>
    <property name="java.runtime.name" value="Java(TM) SE Runtime Environment"/>
    <property name="file.encoding" value="Cp1252"/>
    <property name="java.vm.name" value="Java HotSpot(TM) 64-Bit Server VM"/>
    <property name="java.vendor.version" value="18.9"/>
    <property name="localRepository" value="C:\Users\Bora\.m2\repository"/>
    <property name="java.vendor.url.bug" value="https://bugreport.java.com/bugreport/"/>
    <property name="java.io.tmpdir" value="C:\Users\Bora\AppData\Local\Temp\"/>
    <property name="java.version" value="11.0.19"/>
    <property name="user.dir" value="C:\Users\Bora\Downloads\520_Project_final\Rent_and_Roll\RentAndRoll"/>
    <property name="os.arch" value="amd64"/>
    <property name="java.vm.specification.name" value="Java Virtual Machine Specification"/>
    <property name="java.awt.printerjob" value="sun.awt.windows.WPrinterJob"/>
    <property name="sun.os.patch.level" value=""/>
    <property name="java.library.path" value="C:\Program Files\Java\jdk-11\bin;C:\WINDOWS\Sun\Java\bin;C:\WINDOWS\system32;C:\WINDOWS;C:\Program Files\Common Files\Oracle\Java\javapath;C:\Program Files (x86)\Common Files\Oracle\Java\javapath;C:\Program Files (x86)\Intel\iCLS Client\;C:\Program Files\Intel\iCLS Client\;C:\WINDOWS\system32;C:\WINDOWS;C:\WINDOWS\System32\Wbem;C:\WINDOWS\System32\WindowsPowerShell\v1.0\;C:\Program Files (x86)\Intel\Intel(R) Management Engine Components\DAL;C:\Program Files\Intel\Intel(R) Management Engine Components\DAL;C:\Program Files (x86)\Intel\Intel(R) Management Engine Components\IPT;C:\Program Files\Intel\Intel(R) Management Engine Components\IPT;C:\WINDOWS\System32\OpenSSH\;C:\Program Files\nodejs\;C:\Program Files\Git\cmd;C:\Users\Bora\Downloads\apache-ant-1.9.16-bin\apache-ant-1.9.16\bin;C:\Users\Bora\AppData\Local\Programs\Python\Python312\Scripts\;C:\Users\Bora\AppData\Local\Programs\Python\Python312\;C:\Users\Bora\AppData\Local\Programs\Python\Launcher\;C:\Users\Bora\AppData\Local\Microsoft\WindowsApps;C:\Users\Bora\AppData\Roaming\npm;C:\Users\Bora\Downloads\apache-ant-1.10.14-bin\apache-ant-1.10.14\\bin;C:\Program Files\Java\jdk-11\bin;C:\Users\Bora\AppData\Local\Programs\Microsoft VS Code\bin;C:\Users\Bora\Downloads\apache-maven-3.9.6-bin\apache-maven-3.9.6\bin;;."/>
    <property name="java.vendor" value="Oracle Corporation"/>
    <property name="java.vm.info" value="mixed mode"/>
    <property name="java.vm.version" value="11.0.19+9-LTS-224"/>
    <property name="sun.io.unicode.encoding" value="UnicodeLittle"/>
    <property name="java.class.version" value="55.0"/>
  </properties>
  <testcase name="testRemoveOwnerFailure" classname="Controller.CarOwnerControllerTest" time="3.938">
    <system-out><![CDATA[Unable to remove Owner: java.sql.SQLException
]]></system-out>
  </testcase>
  <testcase name="testRemoveOwner" classname="Controller.CarOwnerControllerTest" time="0.0"/>
  <testcase name="testGetOwnersByName" classname="Controller.CarOwnerControllerTest" time="0.356"/>
  <testcase name="testClearBalanceFailure" classname="Controller.CarOwnerControllerTest" time="0.013">
    <system-out><![CDATA[Unable to update car_owner: java.sql.SQLException
]]></system-out>
  </testcase>
  <testcase name="testGetAllOwners" classname="Controller.CarOwnerControllerTest" time="0.002"/>
  <testcase name="testClearBalance" classname="Controller.CarOwnerControllerTest" time="0.011"/>
  <testcase name="testGetOwnerById" classname="Controller.CarOwnerControllerTest" time="0.004"/>
  <testcase name="testConstructor" classname="Controller.CarOwnerControllerTest" time="0.006"/>
</testsuite>